# JRE version: OpenJDK Runtime Environment (11.0.10) (build 11.0.10+0-b96-7249189)
# Java VM: OpenJDK 64-Bit Server VM (11.0.10+0-b96-7249189, mixed mode, tiered, compressed oops, g1 gc, windows-amd64)
Heap:
 garbage-first heap   total 236544K, used 148580K [0x0000000080000000, 0x0000000100000000)
  region size 1024K, 63 young (64512K), 5 survivors (5120K)
 Metaspace       used 113717K, capacity 116857K, committed 117068K, reserved 1150976K
  class space    used 14892K, capacity 16081K, committed 16204K, reserved 1048576K
GC Heap History (20 events):
Event: 14.004 GC heap before
{Heap before GC invocations=10 (full 0):
 garbage-first heap   total 236544K, used 140822K [0x0000000080000000, 0x0000000100000000)
  region size 1024K, 118 young (120832K), 12 survivors (12288K)
 Metaspace       used 49402K, capacity 50773K, committed 50816K, reserved 1093632K
  class space    used 6318K, capacity 6770K, committed 6784K, reserved 1048576K
}
Event: 14.031 GC heap after
{Heap after GC invocations=11 (full 0):
 garbage-first heap   total 236544K, used 41677K [0x0000000080000000, 0x0000000100000000)
  region size 1024K, 15 young (15360K), 15 survivors (15360K)
 Metaspace       used 49402K, capacity 50773K, committed 50816K, reserved 1093632K
  class space    used 6318K, capacity 6770K, committed 6784K, reserved 1048576K
}
Event: 15.574 GC heap before
{Heap before GC invocations=11 (full 0):
 garbage-first heap   total 236544K, used 101069K [0x0000000080000000, 0x0000000100000000)
  region size 1024K, 74 young (75776K), 15 survivors (15360K)
 Metaspace       used 58450K, capacity 60064K, committed 60160K, reserved 1101824K
  class space    used 7421K, capacity 8008K, committed 8064K, reserved 1048576K
}
Event: 15.601 GC heap after
{Heap after GC invocations=12 (full 0):
 garbage-first heap   total 236544K, used 46297K [0x0000000080000000, 0x0000000100000000)
  region size 1024K, 4 young (4096K), 4 survivors (4096K)
 Metaspace       used 58450K, capacity 60064K, committed 60160K, reserved 1101824K
  class space    used 7421K, capacity 8008K, committed 8064K, reserved 1048576K
}
Event: 17.477 GC heap before
{Heap before GC invocations=13 (full 0):
 garbage-first heap   total 236544K, used 146649K [0x0000000080000000, 0x0000000100000000)
  region size 1024K, 102 young (104448K), 4 survivors (4096K)
 Metaspace       used 66894K, capacity 68565K, committed 68736K, reserved 1107968K
  class space    used 8660K, capacity 9267K, committed 9344K, reserved 1048576K
}
Event: 17.497 GC heap after
{Heap after GC invocations=14 (full 0):
 garbage-first heap   total 236544K, used 52982K [0x0000000080000000, 0x0000000100000000)
  region size 1024K, 11 young (11264K), 11 survivors (11264K)
 Metaspace       used 66894K, capacity 68565K, committed 68736K, reserved 1107968K
  class space    used 8660K, capacity 9267K, committed 9344K, reserved 1048576K
}
Event: 19.580 GC heap before
{Heap before GC invocations=15 (full 0):
 garbage-first heap   total 236544K, used 154358K [0x0000000080000000, 0x0000000100000000)
  region size 1024K, 110 young (112640K), 11 survivors (11264K)
 Metaspace       used 77071K, capacity 78980K, committed 79232K, reserved 1118208K
  class space    used 10100K, capacity 10773K, committed 10880K, reserved 1048576K
}
Event: 19.607 GC heap after
{Heap after GC invocations=16 (full 0):
 garbage-first heap   total 236544K, used 59214K [0x0000000080000000, 0x0000000100000000)
  region size 1024K, 7 young (7168K), 7 survivors (7168K)
 Metaspace       used 77071K, capacity 78980K, committed 79232K, reserved 1118208K
  class space    used 10100K, capacity 10773K, committed 10880K, reserved 1048576K
}
Event: 25.789 GC heap before
{Heap before GC invocations=16 (full 0):
 garbage-first heap   total 236544K, used 161614K [0x0000000080000000, 0x0000000100000000)
  region size 1024K, 108 young (110592K), 7 survivors (7168K)
 Metaspace       used 84006K, capacity 86170K, committed 86272K, reserved 1124352K
  class space    used 10971K, capacity 11735K, committed 11776K, reserved 1048576K
}
Event: 25.808 GC heap after
{Heap after GC invocations=17 (full 0):
 garbage-first heap   total 236544K, used 66951K [0x0000000080000000, 0x0000000100000000)
  region size 1024K, 14 young (14336K), 14 survivors (14336K)
 Metaspace       used 84006K, capacity 86170K, committed 86272K, reserved 1124352K
  class space    used 10971K, capacity 11735K, committed 11776K, reserved 1048576K
}
Event: 31.961 GC heap before
{Heap before GC invocations=17 (full 0):
 garbage-first heap   total 236544K, used 170375K [0x0000000080000000, 0x0000000100000000)
  region size 1024K, 114 young (116736K), 14 survivors (14336K)
 Metaspace       used 91987K, capacity 94242K, committed 94464K, reserved 1130496K
  class space    used 11912K, capacity 12713K, committed 12800K, reserved 1048576K
}
Event: 31.987 GC heap after
{Heap after GC invocations=18 (full 0):
 garbage-first heap   total 236544K, used 76291K [0x0000000080000000, 0x0000000100000000)
  region size 1024K, 15 young (15360K), 15 survivors (15360K)
 Metaspace       used 91987K, capacity 94242K, committed 94464K, reserved 1130496K
  class space    used 11912K, capacity 12713K, committed 12800K, reserved 1048576K
}
Event: 35.783 GC heap before
{Heap before GC invocations=18 (full 0):
 garbage-first heap   total 236544K, used 174595K [0x0000000080000000, 0x0000000100000000)
  region size 1024K, 112 young (114688K), 15 survivors (15360K)
 Metaspace       used 94828K, capacity 97160K, committed 97280K, reserved 1134592K
  class space    used 12180K, capacity 13008K, committed 13056K, reserved 1048576K
}
Event: 35.815 GC heap after
{Heap after GC invocations=19 (full 0):
 garbage-first heap   total 236544K, used 80942K [0x0000000080000000, 0x0000000100000000)
  region size 1024K, 7 young (7168K), 7 survivors (7168K)
 Metaspace       used 94828K, capacity 97160K, committed 97280K, reserved 1134592K
  class space    used 12180K, capacity 13008K, committed 13056K, reserved 1048576K
}
Event: 40.204 GC heap before
{Heap before GC invocations=19 (full 0):
 garbage-first heap   total 236544K, used 180270K [0x0000000080000000, 0x0000000100000000)
  region size 1024K, 103 young (105472K), 7 survivors (7168K)
 Metaspace       used 100601K, capacity 103085K, committed 103296K, reserved 1138688K
  class space    used 12998K, capacity 13886K, committed 13952K, reserved 1048576K
}
Event: 40.229 GC heap after
{Heap after GC invocations=20 (full 0):
 garbage-first heap   total 236544K, used 92160K [0x0000000080000000, 0x0000000100000000)
  region size 1024K, 13 young (13312K), 13 survivors (13312K)
 Metaspace       used 100601K, capacity 103085K, committed 103296K, reserved 1138688K
  class space    used 12998K, capacity 13886K, committed 13952K, reserved 1048576K
}
Event: 42.809 GC heap before
{Heap before GC invocations=20 (full 0):
 garbage-first heap   total 236544K, used 182272K [0x0000000080000000, 0x0000000100000000)
  region size 1024K, 102 young (104448K), 13 survivors (13312K)
 Metaspace       used 110118K, capacity 113277K, committed 113536K, reserved 1146880K
  class space    used 14525K, capacity 15716K, committed 15744K, reserved 1048576K
}
Event: 42.829 GC heap after
{Heap after GC invocations=21 (full 0):
 garbage-first heap   total 236544K, used 89768K [0x0000000080000000, 0x0000000100000000)
  region size 1024K, 4 young (4096K), 4 survivors (4096K)
 Metaspace       used 110118K, capacity 113277K, committed 113536K, reserved 1146880K
  class space    used 14525K, capacity 15716K, committed 15744K, reserved 1048576K
}
Event: 43.332 GC heap before
{Heap before GC invocations=21 (full 0):
 garbage-first heap   total 236544K, used 128680K [0x0000000080000000, 0x0000000100000000)
  region size 1024K, 43 young (44032K), 4 survivors (4096K)
 Metaspace       used 112103K, capacity 115311K, committed 115416K, reserved 1148928K
  class space    used 14762K, capacity 15981K, committed 16000K, reserved 1048576K
}
Event: 43.341 GC heap after
{Heap after GC invocations=22 (full 0):
 garbage-first heap   total 236544K, used 91236K [0x0000000080000000, 0x0000000100000000)
  region size 1024K, 5 young (5120K), 5 survivors (5120K)
 Metaspace       used 112103K, capacity 115311K, committed 115416K, reserved 1148928K
  class space    used 14762K, capacity 15981K, committed 16000K, reserved 1048576K
}

